2026-04-26 02:15:46 [restartedMain] INFO  com.ag.app.AppApplication - Starting AppApplication using Java 21.0.10 with PID 9356 (C:\Users\andre\Desktop\api cadastro\backend\app\target\classes started by andre in C:\Users\andre\Desktop\api cadastro\backend\app)
2026-04-26 02:15:46 [restartedMain] INFO  com.ag.app.AppApplication - No active profile set, falling back to 1 default profile: "default"
2026-04-26 02:15:46 [restartedMain] INFO  o.s.b.d.e.DevToolsPropertyDefaultsPostProcessor - Devtools property defaults active! Set 'spring.devtools.add-properties' to 'false' to disable
2026-04-26 02:15:46 [restartedMain] INFO  o.s.b.d.e.DevToolsPropertyDefaultsPostProcessor - For additional web related logging consider setting the 'logging.level.web' property to 'DEBUG'
2026-04-26 02:15:51 [restartedMain] INFO  o.s.d.r.c.RepositoryConfigurationDelegate - Bootstrapping Spring Data JPA repositories in DEFAULT mode.
2026-04-26 02:15:51 [restartedMain] INFO  o.s.d.r.c.RepositoryConfigurationDelegate - Finished Spring Data repository scanning in 173 ms. Found 7 JPA repository interfaces.
2026-04-26 02:15:53 [restartedMain] INFO  o.s.boot.tomcat.TomcatWebServer - Tomcat initialized with port 8080 (http)
2026-04-26 02:15:53 [restartedMain] INFO  o.a.catalina.core.StandardService - Starting service [Tomcat]
2026-04-26 02:15:53 [restartedMain] INFO  o.a.catalina.core.StandardEngine - Starting Servlet engine: [Apache Tomcat/11.0.20]
2026-04-26 02:15:53 [restartedMain] INFO  o.s.b.w.c.s.WebApplicationContextInitializer - Root WebApplicationContext: initialization completed in 7403 ms
2026-04-26 02:15:56 [restartedMain] INFO  o.s.o.j.p.SpringPersistenceUnitInfo - No LoadTimeWeaver setup: ignoring JPA class transformer
2026-04-26 02:15:56 [restartedMain] INFO  com.zaxxer.hikari.HikariDataSource - HikariPool-1 - Starting...
2026-04-26 02:15:56 [restartedMain] INFO  com.zaxxer.hikari.pool.HikariPool - HikariPool-1 - Added connection org.postgresql.jdbc.PgConnection@18ef6306
2026-04-26 02:15:56 [restartedMain] INFO  com.zaxxer.hikari.HikariDataSource - HikariPool-1 - Start completed.
2026-04-26 02:15:56 [restartedMain] WARN  org.hibernate.orm.deprecation - HHH90000025: PostgreSQLDialect does not need to be specified explicitly using 'hibernate.dialect' (remove the property setting and it will be selected by default)
2026-04-26 02:15:59 [restartedMain] INFO  o.s.o.j.LocalContainerEntityManagerFactoryBean - Initialized JPA EntityManagerFactory for persistence unit 'default'
2026-04-26 02:16:00 [restartedMain] INFO  o.s.d.j.r.q.QueryEnhancerFactories - Hibernate is in classpath; If applicable, HQL parser will be used.
2026-04-26 02:16:00 [restartedMain] INFO  o.s.s.c.a.a.c.InitializeAuthenticationProviderBeanManagerConfigurer$InitializeAuthenticationProviderManagerConfigurer - Global AuthenticationManager configured with AuthenticationProvider bean with name authenticationProvider
2026-04-26 02:16:00 [restartedMain] WARN  o.s.s.c.a.a.c.InitializeUserDetailsBeanManagerConfigurer$InitializeUserDetailsManagerConfigurer - Global AuthenticationManager configured with an AuthenticationProvider bean. UserDetailsService beans will not be used by Spring Security for automatically configuring username/password login. Consider removing the AuthenticationProvider bean. Alternatively, consider using the UserDetailsService in a manually instantiated DaoAuthenticationProvider. If the current configuration is intentional, to turn off this warning, increase the logging level of 'org.springframework.security.config.annotation.authentication.configuration.InitializeUserDetailsBeanManagerConfigurer' to ERROR
2026-04-26 02:16:01 [restartedMain] WARN  o.s.b.j.a.JpaBaseConfiguration$JpaWebConfiguration - spring.jpa.open-in-view is enabled by default. Therefore, database queries may be performed during view rendering. Explicitly configure spring.jpa.open-in-view to disable this warning
2026-04-26 02:16:04 [restartedMain] INFO  o.s.b.a.e.web.EndpointLinksResolver - Exposing 1 endpoint beneath base path '/actuator'
2026-04-26 02:16:04 [restartedMain] INFO  o.s.boot.tomcat.TomcatWebServer - Tomcat started on port 8080 (http) with context path '/'
2026-04-26 02:16:04 [restartedMain] INFO  com.ag.app.AppApplication - Started AppApplication in 19.485 seconds (process running for 21.224)
2026-04-26 02:16:05 [restartedMain] INFO  com.ag.app.config.DataInitializer - Usuário mestre já existe: admin@email.com
2026-04-26 02:16:05 [RMI TCP Connection(3)-127.0.0.1] INFO  o.a.c.c.C.[Tomcat].[localhost].[/] - Initializing Spring DispatcherServlet 'dispatcherServlet'
2026-04-26 02:16:05 [RMI TCP Connection(3)-127.0.0.1] INFO  o.s.web.servlet.DispatcherServlet - Initializing Servlet 'dispatcherServlet'
2026-04-26 02:16:05 [RMI TCP Connection(3)-127.0.0.1] INFO  o.s.web.servlet.DispatcherServlet - Completed initialization in 8 ms
2026-04-26 02:19:11 [http-nio-8080-exec-6] INFO  com.ag.app.service.ConsultaService - Listando todas as consultas
2026-04-26 02:19:11 [http-nio-8080-exec-3] INFO  com.ag.app.service.DoutorService - Listando todos os doutores
2026-04-26 02:19:11 [http-nio-8080-exec-7] INFO  com.ag.app.service.PacienteService - Listagem concluída. Total: 8 pacientes
2026-04-26 02:19:30 [http-nio-8080-exec-2] INFO  com.ag.app.service.EmpresaService - Listando todas as empresas
2026-04-26 02:19:30 [http-nio-8080-exec-8] INFO  com.ag.app.service.PacienteService - Listagem concluída. Total: 8 pacientes
2026-04-26 02:21:33 [http-nio-8080-exec-2] INFO  com.ag.app.service.DoutorService - Listando todos os doutores
2026-04-26 02:21:33 [http-nio-8080-exec-5] INFO  com.ag.app.service.PacienteService - Listagem concluída. Total: 8 pacientes
2026-04-26 02:22:02 [http-nio-8080-exec-8] INFO  com.ag.app.service.DoutorService - Listando todos os doutores
2026-04-26 02:22:02 [http-nio-8080-exec-3] INFO  com.ag.app.service.PacienteService - Listagem concluída. Total: 8 pacientes
2026-04-26 07:15:12 [restartedMain] INFO  com.ag.app.AppApplication - Starting AppApplication using Java 21.0.10 with PID 6692 (C:\Users\andre\Desktop\api cadastro\backend\app\target\classes started by andre in C:\Users\andre\Desktop\api cadastro\backend\app)
2026-04-26 07:15:12 [restartedMain] INFO  com.ag.app.AppApplication - No active profile set, falling back to 1 default profile: "default"
2026-04-26 07:15:12 [restartedMain] INFO  o.s.b.d.e.DevToolsPropertyDefaultsPostProcessor - Devtools property defaults active! Set 'spring.devtools.add-properties' to 'false' to disable
2026-04-26 07:15:12 [restartedMain] INFO  o.s.b.d.e.DevToolsPropertyDefaultsPostProcessor - For additional web related logging consider setting the 'logging.level.web' property to 'DEBUG'
2026-04-26 07:15:14 [restartedMain] INFO  o.s.d.r.c.RepositoryConfigurationDelegate - Bootstrapping Spring Data JPA repositories in DEFAULT mode.
2026-04-26 07:15:14 [restartedMain] INFO  o.s.d.r.c.RepositoryConfigurationDelegate - Finished Spring Data repository scanning in 107 ms. Found 7 JPA repository interfaces.
2026-04-26 07:15:16 [restartedMain] INFO  o.s.boot.tomcat.TomcatWebServer - Tomcat initialized with port 8080 (http)
2026-04-26 07:15:16 [restartedMain] INFO  o.a.catalina.core.StandardService - Starting service [Tomcat]
2026-04-26 07:15:16 [restartedMain] INFO  o.a.catalina.core.StandardEngine - Starting Servlet engine: [Apache Tomcat/11.0.20]
2026-04-26 07:15:16 [restartedMain] INFO  o.s.b.w.c.s.WebApplicationContextInitializer - Root WebApplicationContext: initialization completed in 3858 ms
2026-04-26 07:15:18 [restartedMain] INFO  o.s.o.j.p.SpringPersistenceUnitInfo - No LoadTimeWeaver setup: ignoring JPA class transformer
2026-04-26 07:15:19 [restartedMain] INFO  com.zaxxer.hikari.HikariDataSource - HikariPool-1 - Starting...
2026-04-26 07:15:19 [restartedMain] INFO  com.zaxxer.hikari.pool.HikariPool - HikariPool-1 - Added connection org.postgresql.jdbc.PgConnection@2becadaa
2026-04-26 07:15:19 [restartedMain] INFO  com.zaxxer.hikari.HikariDataSource - HikariPool-1 - Start completed.
2026-04-26 07:15:19 [restartedMain] WARN  org.hibernate.orm.deprecation - HHH90000025: PostgreSQLDialect does not need to be specified explicitly using 'hibernate.dialect' (remove the property setting and it will be selected by default)
2026-04-26 07:15:22 [restartedMain] INFO  o.s.o.j.LocalContainerEntityManagerFactoryBean - Initialized JPA EntityManagerFactory for persistence unit 'default'
2026-04-26 07:15:22 [restartedMain] INFO  o.s.d.j.r.q.QueryEnhancerFactories - Hibernate is in classpath; If applicable, HQL parser will be used.
2026-04-26 07:15:23 [restartedMain] INFO  o.s.s.c.a.a.c.InitializeAuthenticationProviderBeanManagerConfigurer$InitializeAuthenticationProviderManagerConfigurer - Global AuthenticationManager configured with AuthenticationProvider bean with name authenticationProvider
2026-04-26 07:15:23 [restartedMain] WARN  o.s.s.c.a.a.c.InitializeUserDetailsBeanManagerConfigurer$InitializeUserDetailsManagerConfigurer - Global AuthenticationManager configured with an AuthenticationProvider bean. UserDetailsService beans will not be used by Spring Security for automatically configuring username/password login. Consider removing the AuthenticationProvider bean. Alternatively, consider using the UserDetailsService in a manually instantiated DaoAuthenticationProvider. If the current configuration is intentional, to turn off this warning, increase the logging level of 'org.springframework.security.config.annotation.authentication.configuration.InitializeUserDetailsBeanManagerConfigurer' to ERROR
2026-04-26 07:15:23 [restartedMain] WARN  o.s.b.j.a.JpaBaseConfiguration$JpaWebConfiguration - spring.jpa.open-in-view is enabled by default. Therefore, database queries may be performed during view rendering. Explicitly configure spring.jpa.open-in-view to disable this warning
2026-04-26 07:15:25 [restartedMain] INFO  o.s.b.a.e.web.EndpointLinksResolver - Exposing 1 endpoint beneath base path '/actuator'
2026-04-26 07:15:25 [restartedMain] INFO  o.s.boot.tomcat.TomcatWebServer - Tomcat started on port 8080 (http) with context path '/'
2026-04-26 07:15:25 [restartedMain] INFO  com.ag.app.AppApplication - Started AppApplication in 14.224 seconds (process running for 15.493)
2026-04-26 07:15:26 [restartedMain] INFO  com.ag.app.config.DataInitializer - Usuário mestre já existe: admin@email.com
2026-04-26 07:15:26 [RMI TCP Connection(2)-127.0.0.1] INFO  o.a.c.c.C.[Tomcat].[localhost].[/] - Initializing Spring DispatcherServlet 'dispatcherServlet'
2026-04-26 07:15:26 [RMI TCP Connection(2)-127.0.0.1] INFO  o.s.web.servlet.DispatcherServlet - Initializing Servlet 'dispatcherServlet'
2026-04-26 07:15:26 [RMI TCP Connection(2)-127.0.0.1] INFO  o.s.web.servlet.DispatcherServlet - Completed initialization in 2 ms
2026-04-26 07:16:50 [http-nio-8080-exec-6] INFO  com.ag.app.service.DoutorService - Listando todos os doutores
2026-04-26 07:16:50 [http-nio-8080-exec-8] INFO  com.ag.app.service.PacienteService - Listagem concluída. Total: 8 pacientes
2026-04-26 07:20:44 [http-nio-8080-exec-4] INFO  com.ag.app.service.EmpresaService - Listando todas as empresas
2026-04-26 07:20:44 [http-nio-8080-exec-3] INFO  com.ag.app.service.PacienteService - Listagem concluída. Total: 8 pacientes
2026-04-26 07:20:46 [http-nio-8080-exec-7] INFO  com.ag.app.service.DoutorService - Listando todos os doutores
2026-04-26 07:20:47 [http-nio-8080-exec-6] INFO  com.ag.app.service.DoutorService - Listando todos os doutores
2026-04-26 07:20:47 [http-nio-8080-exec-2] INFO  com.ag.app.service.ConsultaService - Listando todas as consultas
2026-04-26 07:20:47 [http-nio-8080-exec-1] INFO  com.ag.app.service.PacienteService - Listagem concluída. Total: 8 pacientes
2026-04-26 07:20:49 [http-nio-8080-exec-3] INFO  com.ag.app.service.EmpresaService - Listando todas as empresas
2026-04-26 07:20:49 [http-nio-8080-exec-4] INFO  com.ag.app.service.UsuarioService - Listagem concluída. Total: 11 usuários
2026-04-26 07:20:51 [http-nio-8080-exec-5] INFO  com.ag.app.service.EmpresaService - Listando todas as empresas
2026-04-26 07:21:19 [http-nio-8080-exec-9] INFO  com.ag.app.service.ConsultaService - Listando todas as consultas
2026-04-26 07:21:19 [http-nio-8080-exec-8] INFO  com.ag.app.service.DoutorService - Listando todos os doutores
2026-04-26 07:21:19 [http-nio-8080-exec-6] INFO  com.ag.app.service.PacienteService - Listagem concluída. Total: 8 pacientes
2026-04-26 07:21:40 [http-nio-8080-exec-5] INFO  com.ag.app.service.EmpresaService - Listando todas as empresas
2026-04-26 07:21:40 [http-nio-8080-exec-4] INFO  com.ag.app.service.UsuarioService - Listagem concluída. Total: 11 usuários
2026-04-26 07:21:56 [http-nio-8080-exec-8] INFO  com.ag.app.service.EmpresaService - Listando todas as empresas
2026-04-26 07:22:50 [http-nio-8080-exec-8] INFO  com.ag.app.service.EmpresaService - Listando todas as empresas
2026-04-26 07:22:50 [http-nio-8080-exec-7] INFO  com.ag.app.service.PacienteService - Listagem concluída. Total: 8 pacientes
2026-04-26 07:22:51 [http-nio-8080-exec-5] INFO  com.ag.app.service.DoutorService - Listando todos os doutores
2026-04-26 07:22:53 [http-nio-8080-exec-3] INFO  com.ag.app.service.DoutorService - Listando todos os doutores
2026-04-26 07:22:53 [http-nio-8080-exec-1] INFO  com.ag.app.service.ConsultaService - Listando todas as consultas
2026-04-26 07:22:53 [http-nio-8080-exec-9] INFO  com.ag.app.service.PacienteService - Listagem concluída. Total: 8 pacientes
2026-04-26 07:22:54 [http-nio-8080-exec-10] INFO  com.ag.app.service.EmpresaService - Listando todas as empresas
2026-04-26 07:22:54 [http-nio-8080-exec-8] INFO  com.ag.app.service.UsuarioService - Listagem concluída. Total: 11 usuários
2026-04-26 07:22:55 [http-nio-8080-exec-7] INFO  com.ag.app.service.EmpresaService - Listando todas as empresas
2026-04-26 07:23:05 [http-nio-8080-exec-4] INFO  com.ag.app.service.EmpresaService - Listando todas as empresas
2026-04-26 07:23:05 [http-nio-8080-exec-6] INFO  com.ag.app.service.PacienteService - Listagem concluída. Total: 8 pacientes
2026-04-26 07:23:07 [http-nio-8080-exec-8] INFO  com.ag.app.service.DoutorService - Listando todos os doutores
2026-04-26 07:23:08 [http-nio-8080-exec-3] INFO  com.ag.app.service.DoutorService - Listando todos os doutores
2026-04-26 07:23:08 [http-nio-8080-exec-7] INFO  com.ag.app.service.ConsultaService - Listando todas as consultas
2026-04-26 07:23:08 [http-nio-8080-exec-9] INFO  com.ag.app.service.PacienteService - Listagem concluída. Total: 8 pacientes
2026-04-26 07:34:53 [http-nio-8080-exec-7] INFO  com.ag.app.service.EmpresaService - Listando todas as empresas
2026-04-26 07:34:53 [http-nio-8080-exec-9] INFO  com.ag.app.service.UsuarioService - Listagem concluída. Total: 11 usuários
2026-04-26 07:41:21 [restartedMain] INFO  com.ag.app.AppApplication - Starting AppApplication using Java 21.0.10 with PID 8972 (C:\Users\andre\Desktop\api cadastro\backend\app\target\classes started by andre in C:\Users\andre\Desktop\api cadastro\backend\app)
2026-04-26 07:41:21 [restartedMain] INFO  com.ag.app.AppApplication - No active profile set, falling back to 1 default profile: "default"
2026-04-26 07:41:21 [restartedMain] INFO  o.s.b.d.e.DevToolsPropertyDefaultsPostProcessor - Devtools property defaults active! Set 'spring.devtools.add-properties' to 'false' to disable
2026-04-26 07:41:21 [restartedMain] INFO  o.s.b.d.e.DevToolsPropertyDefaultsPostProcessor - For additional web related logging consider setting the 'logging.level.web' property to 'DEBUG'
2026-04-26 07:41:23 [restartedMain] INFO  o.s.d.r.c.RepositoryConfigurationDelegate - Bootstrapping Spring Data JPA repositories in DEFAULT mode.
2026-04-26 07:41:23 [restartedMain] INFO  o.s.d.r.c.RepositoryConfigurationDelegate - Finished Spring Data repository scanning in 117 ms. Found 7 JPA repository interfaces.
2026-04-26 07:41:25 [restartedMain] INFO  o.s.boot.tomcat.TomcatWebServer - Tomcat initialized with port 8080 (http)
2026-04-26 07:41:25 [restartedMain] INFO  o.a.catalina.core.StandardService - Starting service [Tomcat]
2026-04-26 07:41:25 [restartedMain] INFO  o.a.catalina.core.StandardEngine - Starting Servlet engine: [Apache Tomcat/11.0.20]
2026-04-26 07:41:25 [restartedMain] INFO  o.s.b.w.c.s.WebApplicationContextInitializer - Root WebApplicationContext: initialization completed in 3974 ms
2026-04-26 07:41:27 [restartedMain] INFO  o.s.o.j.p.SpringPersistenceUnitInfo - No LoadTimeWeaver setup: ignoring JPA class transformer
2026-04-26 07:41:27 [restartedMain] INFO  com.zaxxer.hikari.HikariDataSource - HikariPool-1 - Starting...
2026-04-26 07:41:28 [restartedMain] INFO  com.zaxxer.hikari.pool.HikariPool - HikariPool-1 - Added connection org.postgresql.jdbc.PgConnection@5c0153d7
2026-04-26 07:41:28 [restartedMain] INFO  com.zaxxer.hikari.HikariDataSource - HikariPool-1 - Start completed.
2026-04-26 07:41:28 [restartedMain] WARN  org.hibernate.orm.deprecation - HHH90000025: PostgreSQLDialect does not need to be specified explicitly using 'hibernate.dialect' (remove the property setting and it will be selected by default)
2026-04-26 07:41:30 [restartedMain] INFO  o.s.o.j.LocalContainerEntityManagerFactoryBean - Initialized JPA EntityManagerFactory for persistence unit 'default'
2026-04-26 07:41:30 [restartedMain] INFO  o.s.d.j.r.q.QueryEnhancerFactories - Hibernate is in classpath; If applicable, HQL parser will be used.
2026-04-26 07:41:31 [restartedMain] INFO  o.s.s.c.a.a.c.InitializeAuthenticationProviderBeanManagerConfigurer$InitializeAuthenticationProviderManagerConfigurer - Global AuthenticationManager configured with AuthenticationProvider bean with name authenticationProvider
2026-04-26 07:41:31 [restartedMain] WARN  o.s.s.c.a.a.c.InitializeUserDetailsBeanManagerConfigurer$InitializeUserDetailsManagerConfigurer - Global AuthenticationManager configured with an AuthenticationProvider bean. UserDetailsService beans will not be used by Spring Security for automatically configuring username/password login. Consider removing the AuthenticationProvider bean. Alternatively, consider using the UserDetailsService in a manually instantiated DaoAuthenticationProvider. If the current configuration is intentional, to turn off this warning, increase the logging level of 'org.springframework.security.config.annotation.authentication.configuration.InitializeUserDetailsBeanManagerConfigurer' to ERROR
2026-04-26 07:41:32 [restartedMain] WARN  o.s.b.j.a.JpaBaseConfiguration$JpaWebConfiguration - spring.jpa.open-in-view is enabled by default. Therefore, database queries may be performed during view rendering. Explicitly configure spring.jpa.open-in-view to disable this warning
2026-04-26 07:41:34 [restartedMain] INFO  o.s.b.a.e.web.EndpointLinksResolver - Exposing 1 endpoint beneath base path '/actuator'
2026-04-26 07:41:34 [restartedMain] INFO  o.s.boot.tomcat.TomcatWebServer - Tomcat started on port 8080 (http) with context path '/'
2026-04-26 07:41:34 [restartedMain] INFO  com.ag.app.AppApplication - Started AppApplication in 14.153 seconds (process running for 15.272)
2026-04-26 07:41:35 [restartedMain] INFO  com.ag.app.config.DataInitializer - Usuário mestre já existe: admin@email.com
2026-04-26 07:41:35 [RMI TCP Connection(2)-127.0.0.1] INFO  o.a.c.c.C.[Tomcat].[localhost].[/] - Initializing Spring DispatcherServlet 'dispatcherServlet'
2026-04-26 07:41:35 [RMI TCP Connection(2)-127.0.0.1] INFO  o.s.web.servlet.DispatcherServlet - Initializing Servlet 'dispatcherServlet'
2026-04-26 07:41:35 [RMI TCP Connection(2)-127.0.0.1] INFO  o.s.web.servlet.DispatcherServlet - Completed initialization in 1 ms
2026-04-26 07:48:32 [File Watcher] INFO  o.s.b.d.a.LocalDevToolsAutoConfiguration$RestartingClassPathChangeChangedEventListener - Restarting due to 1 class path change (0 additions, 0 deletions, 1 modification)
2026-04-26 07:48:33 [Thread-1] INFO  o.s.boot.tomcat.GracefulShutdown - Commencing graceful shutdown. Waiting for active requests to complete
2026-04-26 07:48:33 [tomcat-shutdown] INFO  o.s.boot.tomcat.GracefulShutdown - Graceful shutdown complete
2026-04-26 07:48:33 [Thread-1] INFO  o.s.o.j.LocalContainerEntityManagerFactoryBean - Closing JPA EntityManagerFactory for persistence unit 'default'
2026-04-26 07:48:33 [Thread-1] INFO  com.zaxxer.hikari.HikariDataSource - HikariPool-1 - Shutdown initiated...
2026-04-26 07:48:33 [Thread-1] INFO  com.zaxxer.hikari.HikariDataSource - HikariPool-1 - Shutdown completed.
2026-04-26 07:48:34 [restartedMain] INFO  com.ag.app.AppApplication - Starting AppApplication using Java 21.0.10 with PID 8972 (C:\Users\andre\Desktop\api cadastro\backend\app\target\classes started by andre in C:\Users\andre\Desktop\api cadastro\backend\app)
2026-04-26 07:48:34 [restartedMain] INFO  com.ag.app.AppApplication - No active profile set, falling back to 1 default profile: "default"
2026-04-26 07:48:35 [restartedMain] INFO  o.s.d.r.c.RepositoryConfigurationDelegate - Bootstrapping Spring Data JPA repositories in DEFAULT mode.
2026-04-26 07:48:35 [restartedMain] INFO  o.s.d.r.c.RepositoryConfigurationDelegate - Finished Spring Data repository scanning in 51 ms. Found 7 JPA repository interfaces.
2026-04-26 07:48:36 [restartedMain] INFO  o.s.boot.tomcat.TomcatWebServer - Tomcat initialized with port 8080 (http)
2026-04-26 07:48:36 [restartedMain] INFO  o.a.catalina.core.StandardService - Starting service [Tomcat]
2026-04-26 07:48:36 [restartedMain] INFO  o.a.catalina.core.StandardEngine - Starting Servlet engine: [Apache Tomcat/11.0.20]
2026-04-26 07:48:36 [restartedMain] INFO  o.s.b.w.c.s.WebApplicationContextInitializer - Root WebApplicationContext: initialization completed in 2203 ms
2026-04-26 07:48:36 [restartedMain] INFO  o.s.o.j.p.SpringPersistenceUnitInfo - No LoadTimeWeaver setup: ignoring JPA class transformer
2026-04-26 07:48:36 [restartedMain] INFO  com.zaxxer.hikari.HikariDataSource - HikariPool-2 - Starting...
2026-04-26 07:48:36 [restartedMain] INFO  com.zaxxer.hikari.pool.HikariPool - HikariPool-2 - Added connection org.postgresql.jdbc.PgConnection@5500078d
2026-04-26 07:48:36 [restartedMain] INFO  com.zaxxer.hikari.HikariDataSource - HikariPool-2 - Start completed.
2026-04-26 07:48:36 [restartedMain] WARN  org.hibernate.orm.deprecation - HHH90000025: PostgreSQLDialect does not need to be specified explicitly using 'hibernate.dialect' (remove the property setting and it will be selected by default)
2026-04-26 07:48:37 [restartedMain] INFO  o.s.o.j.LocalContainerEntityManagerFactoryBean - Initialized JPA EntityManagerFactory for persistence unit 'default'
2026-04-26 07:48:37 [restartedMain] INFO  o.s.s.c.a.a.c.InitializeAuthenticationProviderBeanManagerConfigurer$InitializeAuthenticationProviderManagerConfigurer - Global AuthenticationManager configured with AuthenticationProvider bean with name authenticationProvider
2026-04-26 07:48:37 [restartedMain] WARN  o.s.s.c.a.a.c.InitializeUserDetailsBeanManagerConfigurer$InitializeUserDetailsManagerConfigurer - Global AuthenticationManager configured with an AuthenticationProvider bean. UserDetailsService beans will not be used by Spring Security for automatically configuring username/password login. Consider removing the AuthenticationProvider bean. Alternatively, consider using the UserDetailsService in a manually instantiated DaoAuthenticationProvider. If the current configuration is intentional, to turn off this warning, increase the logging level of 'org.springframework.security.config.annotation.authentication.configuration.InitializeUserDetailsBeanManagerConfigurer' to ERROR
2026-04-26 07:48:38 [restartedMain] WARN  o.s.b.j.a.JpaBaseConfiguration$JpaWebConfiguration - spring.jpa.open-in-view is enabled by default. Therefore, database queries may be performed during view rendering. Explicitly configure spring.jpa.open-in-view to disable this warning
2026-04-26 07:48:39 [restartedMain] INFO  o.s.b.a.e.web.EndpointLinksResolver - Exposing 1 endpoint beneath base path '/actuator'
2026-04-26 07:48:39 [restartedMain] INFO  o.s.boot.tomcat.TomcatWebServer - Tomcat started on port 8080 (http) with context path '/'
2026-04-26 07:48:39 [restartedMain] INFO  com.ag.app.AppApplication - Started AppApplication in 5.77 seconds (process running for 440.474)
2026-04-26 07:48:39 [restartedMain] INFO  com.ag.app.config.DataInitializer - Usuário mestre já existe: admin@email.com
2026-04-26 07:48:39 [restartedMain] INFO  o.s.b.d.a.ConditionEvaluationDeltaLoggingListener - Condition evaluation unchanged
2026-04-26 07:49:20 [http-nio-8080-exec-2] INFO  o.a.c.c.C.[Tomcat].[localhost].[/] - Initializing Spring DispatcherServlet 'dispatcherServlet'
2026-04-26 07:49:20 [http-nio-8080-exec-2] INFO  o.s.web.servlet.DispatcherServlet - Initializing Servlet 'dispatcherServlet'
2026-04-26 07:49:20 [http-nio-8080-exec-2] INFO  o.s.web.servlet.DispatcherServlet - Completed initialization in 2 ms
2026-04-26 07:49:31 [http-nio-8080-exec-5] INFO  com.ag.app.service.DoutorService - Listando todos os doutores
2026-04-26 07:49:31 [http-nio-8080-exec-2] INFO  com.ag.app.service.PacienteService - Listagem concluída. Total: 8 pacientes
2026-04-26 07:50:51 [http-nio-8080-exec-9] INFO  com.ag.app.service.DoutorService - Listando todos os doutores
2026-04-26 07:50:51 [http-nio-8080-exec-6] INFO  com.ag.app.service.PacienteService - Listagem concluída. Total: 8 pacientes
2026-04-26 07:50:59 [http-nio-8080-exec-1] INFO  com.ag.app.service.DoutorService - Listando todos os doutores
2026-04-26 07:51:00 [http-nio-8080-exec-10] INFO  com.ag.app.service.PacienteService - Listagem concluída. Total: 8 pacientes
2026-04-26 07:51:19 [http-nio-8080-exec-10] INFO  com.ag.app.service.DoutorService - Listando todos os doutores
2026-04-26 07:51:19 [http-nio-8080-exec-7] INFO  com.ag.app.service.PacienteService - Listagem concluída. Total: 8 pacientes
2026-04-26 07:51:52 [http-nio-8080-exec-7] INFO  com.ag.app.service.DoutorService - Listando todos os doutores
2026-04-26 07:51:52 [http-nio-8080-exec-6] INFO  com.ag.app.service.PacienteService - Listagem concluída. Total: 8 pacientes
2026-04-26 07:52:45 [http-nio-8080-exec-8] INFO  com.ag.app.service.DoutorService - Listando todos os doutores
2026-04-26 07:52:45 [http-nio-8080-exec-7] INFO  com.ag.app.service.PacienteService - Listagem concluída. Total: 8 pacientes
2026-04-26 07:53:30 [File Watcher] INFO  o.s.b.d.a.LocalDevToolsAutoConfiguration$RestartingClassPathChangeChangedEventListener - Restarting due to 2 class path changes (0 additions, 0 deletions, 2 modifications)
2026-04-26 07:53:30 [Thread-5] INFO  o.s.boot.tomcat.GracefulShutdown - Commencing graceful shutdown. Waiting for active requests to complete
2026-04-26 07:53:30 [tomcat-shutdown] INFO  o.s.boot.tomcat.GracefulShutdown - Graceful shutdown complete
2026-04-26 07:53:30 [Thread-5] INFO  o.s.o.j.LocalContainerEntityManagerFactoryBean - Closing JPA EntityManagerFactory for persistence unit 'default'
2026-04-26 07:53:30 [Thread-5] INFO  com.zaxxer.hikari.HikariDataSource - HikariPool-2 - Shutdown initiated...
2026-04-26 07:53:30 [Thread-5] INFO  com.zaxxer.hikari.HikariDataSource - HikariPool-2 - Shutdown completed.
2026-04-26 07:53:30 [restartedMain] INFO  com.ag.app.AppApplication - Starting AppApplication using Java 21.0.10 with PID 8972 (C:\Users\andre\Desktop\api cadastro\backend\app\target\classes started by andre in C:\Users\andre\Desktop\api cadastro\backend\app)
2026-04-26 07:53:30 [restartedMain] INFO  com.ag.app.AppApplication - No active profile set, falling back to 1 default profile: "default"
2026-04-26 07:53:31 [restartedMain] INFO  o.s.d.r.c.RepositoryConfigurationDelegate - Bootstrapping Spring Data JPA repositories in DEFAULT mode.
2026-04-26 07:53:31 [restartedMain] INFO  o.s.d.r.c.RepositoryConfigurationDelegate - Finished Spring Data repository scanning in 58 ms. Found 7 JPA repository interfaces.
2026-04-26 07:53:31 [restartedMain] INFO  o.s.boot.tomcat.TomcatWebServer - Tomcat initialized with port 8080 (http)
2026-04-26 07:53:31 [restartedMain] INFO  o.a.catalina.core.StandardService - Starting service [Tomcat]
2026-04-26 07:53:31 [restartedMain] INFO  o.a.catalina.core.StandardEngine - Starting Servlet engine: [Apache Tomcat/11.0.20]
2026-04-26 07:53:31 [restartedMain] INFO  o.s.b.w.c.s.WebApplicationContextInitializer - Root WebApplicationContext: initialization completed in 723 ms
2026-04-26 07:53:31 [restartedMain] INFO  o.s.o.j.p.SpringPersistenceUnitInfo - No LoadTimeWeaver setup: ignoring JPA class transformer
2026-04-26 07:53:31 [restartedMain] INFO  com.zaxxer.hikari.HikariDataSource - HikariPool-3 - Starting...
2026-04-26 07:53:31 [restartedMain] INFO  com.zaxxer.hikari.pool.HikariPool - HikariPool-3 - Added connection org.postgresql.jdbc.PgConnection@440e2a32
2026-04-26 07:53:31 [restartedMain] INFO  com.zaxxer.hikari.HikariDataSource - HikariPool-3 - Start completed.
2026-04-26 07:53:31 [restartedMain] WARN  org.hibernate.orm.deprecation - HHH90000025: PostgreSQLDialect does not need to be specified explicitly using 'hibernate.dialect' (remove the property setting and it will be selected by default)
2026-04-26 07:53:32 [restartedMain] INFO  o.s.o.j.LocalContainerEntityManagerFactoryBean - Initialized JPA EntityManagerFactory for persistence unit 'default'
2026-04-26 07:53:32 [restartedMain] INFO  o.s.s.c.a.a.c.InitializeAuthenticationProviderBeanManagerConfigurer$InitializeAuthenticationProviderManagerConfigurer - Global AuthenticationManager configured with AuthenticationProvider bean with name authenticationProvider
2026-04-26 07:53:32 [restartedMain] WARN  o.s.s.c.a.a.c.InitializeUserDetailsBeanManagerConfigurer$InitializeUserDetailsManagerConfigurer - Global AuthenticationManager configured with an AuthenticationProvider bean. UserDetailsService beans will not be used by Spring Security for automatically configuring username/password login. Consider removing the AuthenticationProvider bean. Alternatively, consider using the UserDetailsService in a manually instantiated DaoAuthenticationProvider. If the current configuration is intentional, to turn off this warning, increase the logging level of 'org.springframework.security.config.annotation.authentication.configuration.InitializeUserDetailsBeanManagerConfigurer' to ERROR
2026-04-26 07:53:32 [restartedMain] WARN  o.s.b.j.a.JpaBaseConfiguration$JpaWebConfiguration - spring.jpa.open-in-view is enabled by default. Therefore, database queries may be performed during view rendering. Explicitly configure spring.jpa.open-in-view to disable this warning
2026-04-26 07:53:33 [restartedMain] INFO  o.s.b.a.e.web.EndpointLinksResolver - Exposing 1 endpoint beneath base path '/actuator'
2026-04-26 07:53:33 [restartedMain] INFO  o.s.boot.tomcat.TomcatWebServer - Tomcat started on port 8080 (http) with context path '/'
2026-04-26 07:53:33 [restartedMain] INFO  com.ag.app.AppApplication - Started AppApplication in 2.274 seconds (process running for 733.965)
2026-04-26 07:53:33 [restartedMain] INFO  com.ag.app.config.DataInitializer - Usuário mestre já existe: admin@email.com
2026-04-26 07:53:33 [restartedMain] INFO  o.s.b.d.a.ConditionEvaluationDeltaLoggingListener - Condition evaluation unchanged
2026-04-26 07:53:38 [http-nio-8080-exec-1] INFO  o.a.c.c.C.[Tomcat].[localhost].[/] - Initializing Spring DispatcherServlet 'dispatcherServlet'
2026-04-26 07:53:38 [http-nio-8080-exec-1] INFO  o.s.web.servlet.DispatcherServlet - Initializing Servlet 'dispatcherServlet'
2026-04-26 07:53:38 [http-nio-8080-exec-1] INFO  o.s.web.servlet.DispatcherServlet - Completed initialization in 3 ms
2026-04-26 07:53:38 [http-nio-8080-exec-5] INFO  com.ag.app.service.DoutorService - Listando todos os doutores
2026-04-26 07:53:38 [http-nio-8080-exec-4] INFO  com.ag.app.service.PacienteService - Listagem concluída. Total: 8 pacientes
2026-04-26 07:54:32 [http-nio-8080-exec-3] INFO  com.ag.app.service.DoutorService - Listando todos os doutores
2026-04-26 07:54:32 [http-nio-8080-exec-5] INFO  com.ag.app.service.PacienteService - Listagem concluída. Total: 8 pacientes
2026-04-26 07:55:14 [http-nio-8080-exec-6] INFO  com.ag.app.service.DoutorService - Listando todos os doutores
2026-04-26 07:55:14 [http-nio-8080-exec-2] INFO  com.ag.app.service.PacienteService - Listagem concluída. Total: 8 pacientes
2026-04-26 07:55:21 [http-nio-8080-exec-8] INFO  com.ag.app.service.PacienteService - Listagem concluída. Total: 8 pacientes
2026-04-26 07:55:21 [http-nio-8080-exec-1] INFO  com.ag.app.service.DoutorService - Listando todos os doutores
2026-04-26 07:55:25 [http-nio-8080-exec-6] INFO  com.ag.app.service.DoutorService - Listando todos os doutores
2026-04-26 07:55:25 [http-nio-8080-exec-4] INFO  com.ag.app.service.PacienteService - Listagem concluída. Total: 8 pacientes
2026-04-26 07:55:33 [http-nio-8080-exec-8] INFO  com.ag.app.service.DoutorService - Listando todos os doutores
2026-04-26 07:55:33 [http-nio-8080-exec-5] INFO  com.ag.app.service.PacienteService - Listagem concluída. Total: 8 pacientes
2026-04-26 07:56:04 [http-nio-8080-exec-10] INFO  com.ag.app.service.DoutorService - Listando todos os doutores
2026-04-26 07:56:04 [http-nio-8080-exec-1] INFO  com.ag.app.service.PacienteService - Listagem concluída. Total: 8 pacientes
2026-04-26 07:56:17 [http-nio-8080-exec-4] INFO  com.ag.app.service.DoutorService - Listando todos os doutores
2026-04-26 07:56:17 [http-nio-8080-exec-7] INFO  com.ag.app.service.PacienteService - Listagem concluída. Total: 8 pacientes
2026-04-26 07:57:49 [http-nio-8080-exec-8] INFO  com.ag.app.service.PacienteService - Listagem concluída. Total: 8 pacientes
2026-04-26 07:57:49 [http-nio-8080-exec-5] INFO  com.ag.app.service.DoutorService - Listando todos os doutores
2026-04-26 07:58:53 [http-nio-8080-exec-10] INFO  com.ag.app.service.DoutorService - Listando todos os doutores
2026-04-26 07:58:53 [http-nio-8080-exec-3] INFO  com.ag.app.service.PacienteService - Listagem concluída. Total: 8 pacientes
2026-04-26 07:59:01 [http-nio-8080-exec-1] INFO  com.ag.app.service.DoutorService - Listando todos os doutores
2026-04-26 07:59:01 [http-nio-8080-exec-9] INFO  com.ag.app.service.PacienteService - Listagem concluída. Total: 8 pacientes
2026-04-26 10:44:49 [restartedMain] INFO  com.ag.app.AppApplication - Starting AppApplication using Java 21.0.10 with PID 8472 (C:\Users\andre\Desktop\api cadastro\backend\app\target\classes started by andre in C:\Users\andre\Desktop\api cadastro\backend\app)
2026-04-26 10:44:49 [restartedMain] INFO  com.ag.app.AppApplication - No active profile set, falling back to 1 default profile: "default"
2026-04-26 10:44:49 [restartedMain] INFO  o.s.b.d.e.DevToolsPropertyDefaultsPostProcessor - Devtools property defaults active! Set 'spring.devtools.add-properties' to 'false' to disable
2026-04-26 10:44:49 [restartedMain] INFO  o.s.b.d.e.DevToolsPropertyDefaultsPostProcessor - For additional web related logging consider setting the 'logging.level.web' property to 'DEBUG'
2026-04-26 10:44:53 [restartedMain] INFO  o.s.d.r.c.RepositoryConfigurationDelegate - Bootstrapping Spring Data JPA repositories in DEFAULT mode.
2026-04-26 10:44:54 [restartedMain] INFO  o.s.d.r.c.RepositoryConfigurationDelegate - Finished Spring Data repository scanning in 261 ms. Found 7 JPA repository interfaces.
2026-04-26 10:44:57 [restartedMain] INFO  o.s.boot.tomcat.TomcatWebServer - Tomcat initialized with port 8080 (http)
2026-04-26 10:44:57 [restartedMain] INFO  o.a.catalina.core.StandardService - Starting service [Tomcat]
2026-04-26 10:44:57 [restartedMain] INFO  o.a.catalina.core.StandardEngine - Starting Servlet engine: [Apache Tomcat/11.0.20]
2026-04-26 10:44:57 [restartedMain] INFO  o.s.b.w.c.s.WebApplicationContextInitializer - Root WebApplicationContext: initialization completed in 7510 ms
2026-04-26 10:44:59 [restartedMain] INFO  o.s.o.j.p.SpringPersistenceUnitInfo - No LoadTimeWeaver setup: ignoring JPA class transformer
2026-04-26 10:44:59 [restartedMain] INFO  com.zaxxer.hikari.HikariDataSource - HikariPool-1 - Starting...
2026-04-26 10:44:59 [restartedMain] INFO  com.zaxxer.hikari.pool.HikariPool - HikariPool-1 - Added connection org.postgresql.jdbc.PgConnection@1eb7c39f
2026-04-26 10:44:59 [restartedMain] INFO  com.zaxxer.hikari.HikariDataSource - HikariPool-1 - Start completed.
2026-04-26 10:44:59 [restartedMain] WARN  org.hibernate.orm.deprecation - HHH90000025: PostgreSQLDialect does not need to be specified explicitly using 'hibernate.dialect' (remove the property setting and it will be selected by default)
2026-04-26 10:45:03 [restartedMain] INFO  o.s.o.j.LocalContainerEntityManagerFactoryBean - Initialized JPA EntityManagerFactory for persistence unit 'default'
2026-04-26 10:45:03 [restartedMain] INFO  o.s.d.j.r.q.QueryEnhancerFactories - Hibernate is in classpath; If applicable, HQL parser will be used.
2026-04-26 10:45:04 [restartedMain] INFO  o.s.s.c.a.a.c.InitializeAuthenticationProviderBeanManagerConfigurer$InitializeAuthenticationProviderManagerConfigurer - Global AuthenticationManager configured with AuthenticationProvider bean with name authenticationProvider
2026-04-26 10:45:04 [restartedMain] WARN  o.s.s.c.a.a.c.InitializeUserDetailsBeanManagerConfigurer$InitializeUserDetailsManagerConfigurer - Global AuthenticationManager configured with an AuthenticationProvider bean. UserDetailsService beans will not be used by Spring Security for automatically configuring username/password login. Consider removing the AuthenticationProvider bean. Alternatively, consider using the UserDetailsService in a manually instantiated DaoAuthenticationProvider. If the current configuration is intentional, to turn off this warning, increase the logging level of 'org.springframework.security.config.annotation.authentication.configuration.InitializeUserDetailsBeanManagerConfigurer' to ERROR
2026-04-26 10:45:05 [restartedMain] WARN  o.s.b.j.a.JpaBaseConfiguration$JpaWebConfiguration - spring.jpa.open-in-view is enabled by default. Therefore, database queries may be performed during view rendering. Explicitly configure spring.jpa.open-in-view to disable this warning
2026-04-26 10:45:07 [restartedMain] INFO  o.s.b.a.e.web.EndpointLinksResolver - Exposing 1 endpoint beneath base path '/actuator'
2026-04-26 10:45:07 [restartedMain] INFO  o.s.boot.tomcat.TomcatWebServer - Tomcat started on port 8080 (http) with context path '/'
2026-04-26 10:45:07 [restartedMain] INFO  com.ag.app.AppApplication - Started AppApplication in 18.861 seconds (process running for 20.196)
2026-04-26 10:45:07 [RMI TCP Connection(2)-127.0.0.1] INFO  o.a.c.c.C.[Tomcat].[localhost].[/] - Initializing Spring DispatcherServlet 'dispatcherServlet'
2026-04-26 10:45:07 [RMI TCP Connection(2)-127.0.0.1] INFO  o.s.web.servlet.DispatcherServlet - Initializing Servlet 'dispatcherServlet'
2026-04-26 10:45:07 [RMI TCP Connection(2)-127.0.0.1] INFO  o.s.web.servlet.DispatcherServlet - Completed initialization in 5 ms
2026-04-26 10:45:11 [restartedMain] INFO  com.ag.app.config.DataInitializer - Usuário mestre já existe: admin@email.com
2026-04-26 10:47:38 [http-nio-8080-exec-3] INFO  com.ag.app.service.EmpresaService - Listando todas as empresas
2026-04-26 10:47:38 [http-nio-8080-exec-8] INFO  com.ag.app.service.PacienteService - Listagem concluída. Total: 8 pacientes
2026-04-26 10:47:42 [http-nio-8080-exec-9] INFO  com.ag.app.service.DoutorService - Listando todos os doutores
2026-04-26 10:47:49 [http-nio-8080-exec-4] INFO  com.ag.app.service.EmpresaService - Listando todas as empresas
2026-04-26 10:50:20 [http-nio-8080-exec-9] INFO  com.ag.app.service.PacienteService - Listagem concluída. Total: 8 pacientes
2026-04-26 10:50:20 [http-nio-8080-exec-10] INFO  com.ag.app.service.DoutorService - Listando todos os doutores
2026-04-26 10:50:32 [http-nio-8080-exec-3] INFO  com.ag.app.service.DoutorService - Listando todos os doutores
2026-04-26 10:50:32 [http-nio-8080-exec-6] INFO  com.ag.app.service.PacienteService - Listagem concluída. Total: 8 pacientes
